Logfile initialized
[INFO] logfile = C:\Users\yasuo\Documents\Titanium_Studio_Workspace\aiai\build.log
[DEBUG] C:\Users\yasuo\AppData\Roaming\Titanium\mobilesdk\win32\3.1.3.GA\android\builder.py install AIAI C:\Program Files\android-sdk-windows C:\Users\yasuo\Documents\Titanium_Studio_Workspace\aiai com.apluplu.aiai 25
[INFO] Titanium SDK version: 3.1.3 (09/18/13 12:00 222f4d1)
[DEBUG] Waiting for device to be ready ...
[TRACE] adb devices returned 1 devices/emulators
[DEBUG] Device connected... (waited 0 seconds)
[DEBUG] waited 0.024000 seconds on emulator to get ready
[DEBUG] com.apluplu.aiai installed? False
[INFO] Copying CommonJS modules...
[INFO] Copying project resources..
[TRACE] COPYING MODIFIED FILE: C:\Users\yasuo\Documents\Titanium_Studio_Workspace\aiai\Resources\ui\common\window1.js => C:\Users\yasuo\Documents\Titanium_Studio_Workspace\aiai\build\android\bin\assets\Resources\ui\common\window1.js
[DEBUG] LiveView not enabled
[TRACE] Generating Java Classes
[DEBUG] Processing Android resource drawables
[DEBUG] copying app icon: C:\Users\yasuo\Documents\Titanium_Studio_Workspace\aiai\build\android\bin\assets\Resources\appicon.png
[DEBUG] generating theme.xml
[DEBUG] found drawable-long-land-hdpi splash screen at C:\Users\yasuo\Documents\Titanium_Studio_Workspace\aiai\Resources\android\images\res-long-land-hdpi\default.png
[DEBUG] copying C:\Users\yasuo\Documents\Titanium_Studio_Workspace\aiai\Resources\android\images\res-long-land-hdpi\default.png splash screen to C:\Users\yasuo\Documents\Titanium_Studio_Workspace\aiai\build\android\res\drawable-long-land-hdpi\background.png
[DEBUG] found drawable-long-land-ldpi splash screen at C:\Users\yasuo\Documents\Titanium_Studio_Workspace\aiai\Resources\android\images\res-long-land-ldpi\default.png
[DEBUG] copying C:\Users\yasuo\Documents\Titanium_Studio_Workspace\aiai\Resources\android\images\res-long-land-ldpi\default.png splash screen to C:\Users\yasuo\Documents\Titanium_Studio_Workspace\aiai\build\android\res\drawable-long-land-ldpi\background.png
[DEBUG] found drawable-long-port-hdpi splash screen at C:\Users\yasuo\Documents\Titanium_Studio_Workspace\aiai\Resources\android\images\res-long-port-hdpi\default.png
[DEBUG] copying C:\Users\yasuo\Documents\Titanium_Studio_Workspace\aiai\Resources\android\images\res-long-port-hdpi\default.png splash screen to C:\Users\yasuo\Documents\Titanium_Studio_Workspace\aiai\build\android\res\drawable-long-port-hdpi\background.png
[DEBUG] found drawable-long-port-ldpi splash screen at C:\Users\yasuo\Documents\Titanium_Studio_Workspace\aiai\Resources\android\images\res-long-port-ldpi\default.png
[DEBUG] copying C:\Users\yasuo\Documents\Titanium_Studio_Workspace\aiai\Resources\android\images\res-long-port-ldpi\default.png splash screen to C:\Users\yasuo\Documents\Titanium_Studio_Workspace\aiai\build\android\res\drawable-long-port-ldpi\background.png
[DEBUG] found drawable-notlong-land-hdpi splash screen at C:\Users\yasuo\Documents\Titanium_Studio_Workspace\aiai\Resources\android\images\res-notlong-land-hdpi\default.png
[DEBUG] copying C:\Users\yasuo\Documents\Titanium_Studio_Workspace\aiai\Resources\android\images\res-notlong-land-hdpi\default.png splash screen to C:\Users\yasuo\Documents\Titanium_Studio_Workspace\aiai\build\android\res\drawable-notlong-land-hdpi\background.png
[DEBUG] found drawable-notlong-land-ldpi splash screen at C:\Users\yasuo\Documents\Titanium_Studio_Workspace\aiai\Resources\android\images\res-notlong-land-ldpi\default.png
[DEBUG] copying C:\Users\yasuo\Documents\Titanium_Studio_Workspace\aiai\Resources\android\images\res-notlong-land-ldpi\default.png splash screen to C:\Users\yasuo\Documents\Titanium_Studio_Workspace\aiai\build\android\res\drawable-notlong-land-ldpi\background.png
[DEBUG] found drawable-notlong-land-mdpi splash screen at C:\Users\yasuo\Documents\Titanium_Studio_Workspace\aiai\Resources\android\images\res-notlong-land-mdpi\default.png
[DEBUG] copying C:\Users\yasuo\Documents\Titanium_Studio_Workspace\aiai\Resources\android\images\res-notlong-land-mdpi\default.png splash screen to C:\Users\yasuo\Documents\Titanium_Studio_Workspace\aiai\build\android\res\drawable-notlong-land-mdpi\background.png
[DEBUG] found drawable-notlong-port-hdpi splash screen at C:\Users\yasuo\Documents\Titanium_Studio_Workspace\aiai\Resources\android\images\res-notlong-port-hdpi\default.png
[DEBUG] copying C:\Users\yasuo\Documents\Titanium_Studio_Workspace\aiai\Resources\android\images\res-notlong-port-hdpi\default.png splash screen to C:\Users\yasuo\Documents\Titanium_Studio_Workspace\aiai\build\android\res\drawable-notlong-port-hdpi\background.png
[DEBUG] found drawable-notlong-port-ldpi splash screen at C:\Users\yasuo\Documents\Titanium_Studio_Workspace\aiai\Resources\android\images\res-notlong-port-ldpi\default.png
[DEBUG] copying C:\Users\yasuo\Documents\Titanium_Studio_Workspace\aiai\Resources\android\images\res-notlong-port-ldpi\default.png splash screen to C:\Users\yasuo\Documents\Titanium_Studio_Workspace\aiai\build\android\res\drawable-notlong-port-ldpi\background.png
[DEBUG] found drawable-notlong-port-mdpi splash screen at C:\Users\yasuo\Documents\Titanium_Studio_Workspace\aiai\Resources\android\images\res-notlong-port-mdpi\default.png
[DEBUG] copying C:\Users\yasuo\Documents\Titanium_Studio_Workspace\aiai\Resources\android\images\res-notlong-port-mdpi\default.png splash screen to C:\Users\yasuo\Documents\Titanium_Studio_Workspace\aiai\build\android\res\drawable-notlong-port-mdpi\background.png
[DEBUG] found splash screen at C:\Users\yasuo\Documents\Titanium_Studio_Workspace\aiai\build\android\bin\assets\Resources\default.png
[TRACE] Writing out AndroidManifest.xml
[DEBUG] adding C:\Users\yasuo\Documents\Titanium_Studio_Workspace\aiai\build\android\gen\com\apluplu\aiai\AiaiActivity.java to javac build list
[DEBUG] adding C:\Users\yasuo\Documents\Titanium_Studio_Workspace\aiai\build\android\gen\com\apluplu\aiai\AiaiAppInfo.java to javac build list
[DEBUG] adding C:\Users\yasuo\Documents\Titanium_Studio_Workspace\aiai\build\android\gen\com\apluplu\aiai\AiaiApplication.java to javac build list
[DEBUG] adding C:\Users\yasuo\Documents\Titanium_Studio_Workspace\aiai\build\android\gen\com\apluplu\aiai\R.java to javac build list
[DEBUG] Building Java Sources: "C:\\Users\\yasuo\\Documents\\Titanium_Studio_Workspace\\aiai\\build\\android\\gen\\com\\apluplu\\aiai\\AiaiActivity.java" "C:\\Users\\yasuo\\Documents\\Titanium_Studio_Workspace\\aiai\\build\\android\\gen\\com\\apluplu\\aiai\\AiaiAppInfo.java" "C:\\Users\\yasuo\\Documents\\Titanium_Studio_Workspace\\aiai\\build\\android\\gen\\com\\apluplu\\aiai\\AiaiApplication.java" "C:\\Users\\yasuo\\Documents\\Titanium_Studio_Workspace\\aiai\\build\\android\\gen\\com\\apluplu\\aiai\\R.java"
[INFO] Compiling Android Resources... This could take some time
[DEBUG] Android classes.dex built
[DEBUG] creating unsigned apk: C:\Users\yasuo\Documents\Titanium_Studio_Workspace\aiai\build\android\bin\app-unsigned.apk
[DEBUG] from resource zip => assets/Resources/images/KS_nav_friends.png
[DEBUG] from resource zip => assets/Resources/images/KS_nav_help.png
[DEBUG] from resource zip => assets/Resources/images/KS_nav_home.png
[DEBUG] from resource zip => assets/Resources/images/KS_nav_setting.png
[DEBUG] from resource zip => assets/Resources/images/arrow-under.png
[DEBUG] from resource zip => assets/Resources/images/back-login-button.png
[DEBUG] from resource zip => assets/Resources/images/back.png
[DEBUG] from resource zip => assets/Resources/images/bg_sample.png
[DEBUG] from resource zip => assets/Resources/images/blue-circle.png
[DEBUG] from resource zip => assets/Resources/images/close.png
[DEBUG] from resource zip => assets/Resources/images/help.png
[DEBUG] from resource zip => assets/Resources/images/icon_umbrella.png
[DEBUG] from resource zip => assets/Resources/images/login-back.png
[DEBUG] from resource zip => assets/Resources/images/login-name.png
[DEBUG] from resource zip => assets/Resources/images/login-pass.png
[DEBUG] from resource zip => assets/Resources/images/map-pin.png
[DEBUG] from resource zip => assets/Resources/images/red-circle.png
[DEBUG] from resource zip => assets/Resources/node_modules/WebSocket-Node-master/example/whiteboard/public/client.css
[DEBUG] from resource zip => assets/Resources/node_modules/WebSocket-Node-master/example/whiteboard/public/client.js
[DEBUG] from resource zip => assets/Resources/node_modules/WebSocket-Node-master/example/whiteboard/README
[DEBUG] from resource zip => assets/Resources/node_modules/WebSocket-Node-master/example/whiteboard/index.ejs
[DEBUG] from resource zip => assets/Resources/node_modules/WebSocket-Node-master/example/whiteboard/package.json
[DEBUG] from resource zip => assets/Resources/node_modules/WebSocket-Node-master/example/whiteboard/whiteboard.js
[DEBUG] from resource zip => assets/Resources/node_modules/WebSocket-Node-master/lib/Constants.js
[DEBUG] from resource zip => assets/Resources/node_modules/WebSocket-Node-master/lib/Deprecation.js
[DEBUG] from resource zip => assets/Resources/node_modules/WebSocket-Node-master/lib/Validation.fallback.js
[DEBUG] from resource zip => assets/Resources/node_modules/WebSocket-Node-master/lib/Validation.js
[DEBUG] from resource zip => assets/Resources/node_modules/WebSocket-Node-master/lib/WebSocketClient.js
[DEBUG] from resource zip => assets/Resources/node_modules/WebSocket-Node-master/lib/WebSocketConnection.js
[DEBUG] from resource zip => assets/Resources/node_modules/WebSocket-Node-master/lib/WebSocketFrame.js
[DEBUG] from resource zip => assets/Resources/node_modules/WebSocket-Node-master/lib/WebSocketRequest.js
[DEBUG] from resource zip => assets/Resources/node_modules/WebSocket-Node-master/lib/WebSocketRouter.js
[DEBUG] from resource zip => assets/Resources/node_modules/WebSocket-Node-master/lib/WebSocketRouterRequest.js
[DEBUG] from resource zip => assets/Resources/node_modules/WebSocket-Node-master/lib/WebSocketServer.js
[DEBUG] from resource zip => assets/Resources/node_modules/WebSocket-Node-master/lib/utils.js
[DEBUG] from resource zip => assets/Resources/node_modules/WebSocket-Node-master/lib/websocket.js
[DEBUG] from resource zip => assets/Resources/node_modules/WebSocket-Node-master/lib/xor.fallback.js
[DEBUG] from resource zip => assets/Resources/node_modules/WebSocket-Node-master/lib/xor.js
[DEBUG] from resource zip => assets/Resources/node_modules/WebSocket-Node-master/src/validation.cc
[DEBUG] from resource zip => assets/Resources/node_modules/WebSocket-Node-master/src/xor.cpp
[DEBUG] from resource zip => assets/Resources/node_modules/WebSocket-Node-master/test/autobahn-test-client.js
[DEBUG] from resource zip => assets/Resources/node_modules/WebSocket-Node-master/test/echo-server.js
[DEBUG] from resource zip => assets/Resources/node_modules/WebSocket-Node-master/test/fragmentation-test-client.js
[DEBUG] from resource zip => assets/Resources/node_modules/WebSocket-Node-master/test/fragmentation-test-page.html
[DEBUG] from resource zip => assets/Resources/node_modules/WebSocket-Node-master/test/fragmentation-test-server.js
[DEBUG] from resource zip => assets/Resources/node_modules/WebSocket-Node-master/test/libwebsockets-test-client.js
[DEBUG] from resource zip => assets/Resources/node_modules/WebSocket-Node-master/test/libwebsockets-test-server.js
[DEBUG] from resource zip => assets/Resources/node_modules/WebSocket-Node-master/test/libwebsockets-test.html
[DEBUG] from resource zip => assets/Resources/node_modules/WebSocket-Node-master/vendor/node-ctype/tst/ctio/float/tst.rfloat.js
[DEBUG] from resource zip => assets/Resources/node_modules/WebSocket-Node-master/vendor/node-ctype/tst/ctio/float/tst.wfloat.js
[DEBUG] from resource zip => assets/Resources/node_modules/WebSocket-Node-master/vendor/node-ctype/tst/ctio/int/tst.rint.js
[DEBUG] from resource zip => assets/Resources/node_modules/WebSocket-Node-master/vendor/node-ctype/tst/ctio/int/tst.wint.js
[DEBUG] from resource zip => assets/Resources/node_modules/WebSocket-Node-master/vendor/node-ctype/tst/ctio/uint/tst.ruint.js
[DEBUG] from resource zip => assets/Resources/node_modules/WebSocket-Node-master/vendor/node-ctype/tst/ctio/uint/tst.wuint.js
[DEBUG] from resource zip => assets/Resources/node_modules/WebSocket-Node-master/vendor/node-ctype/tst/ctype/tst.basicr.js
[DEBUG] from resource zip => assets/Resources/node_modules/WebSocket-Node-master/vendor/node-ctype/tst/ctype/tst.basicw.js
[DEBUG] from resource zip => assets/Resources/node_modules/WebSocket-Node-master/vendor/node-ctype/LICENSE
[DEBUG] from resource zip => assets/Resources/node_modules/WebSocket-Node-master/vendor/node-ctype/README
[DEBUG] from resource zip => assets/Resources/node_modules/WebSocket-Node-master/vendor/node-ctype/ctio-faster.js
[DEBUG] from resource zip => assets/Resources/node_modules/WebSocket-Node-master/vendor/node-ctype/ctio.js
[DEBUG] from resource zip => assets/Resources/node_modules/WebSocket-Node-master/vendor/node-ctype/ctype.js
[DEBUG] from resource zip => assets/Resources/node_modules/WebSocket-Node-master/vendor/FastBufferList.js
[DEBUG] from resource zip => assets/Resources/node_modules/WebSocket-Node-master/CHANGELOG.md
[DEBUG] from resource zip => assets/Resources/node_modules/WebSocket-Node-master/LICENSE
[DEBUG] from resource zip => assets/Resources/node_modules/WebSocket-Node-master/Makefile
[DEBUG] from resource zip => assets/Resources/node_modules/WebSocket-Node-master/README.md
[DEBUG] from resource zip => assets/Resources/node_modules/WebSocket-Node-master/binding.gyp
[DEBUG] from resource zip => assets/Resources/node_modules/WebSocket-Node-master/index.js
[DEBUG] from resource zip => assets/Resources/node_modules/WebSocket-Node-master/install.js
[DEBUG] from resource zip => assets/Resources/node_modules/WebSocket-Node-master/package.json
[DEBUG] from resource zip => assets/Resources/node_modules/websocket-server/docs/index.html
[DEBUG] from resource zip => assets/Resources/node_modules/websocket-server/docs/style.css
[DEBUG] from resource zip => assets/Resources/node_modules/websocket-server/lib/lang/mixin.js
[DEBUG] from resource zip => assets/Resources/node_modules/websocket-server/lib/ws/connection.js
[DEBUG] from resource zip => assets/Resources/node_modules/websocket-server/lib/ws/manager.js
[DEBUG] from resource zip => assets/Resources/node_modules/websocket-server/lib/ws/parser.js
[DEBUG] from resource zip => assets/Resources/node_modules/websocket-server/lib/ws/server.js
[DEBUG] from resource zip => assets/Resources/node_modules/websocket-server/lib/events.js
[DEBUG] from resource zip => assets/Resources/node_modules/websocket-server/lib/util.js
[DEBUG] from resource zip => assets/Resources/node_modules/websocket-server/samples/handshake-packets
[DEBUG] from resource zip => assets/Resources/node_modules/websocket-server/test/manual/ssl/cert.key
[DEBUG] from resource zip => assets/Resources/node_modules/websocket-server/test/manual/ssl/cert.pem
[DEBUG] from resource zip => assets/Resources/node_modules/websocket-server/test/manual/chat-server.js
[DEBUG] from resource zip => assets/Resources/node_modules/websocket-server/test/manual/chat.html
[DEBUG] from resource zip => assets/Resources/node_modules/websocket-server/test/manual/client.html
[DEBUG] from resource zip => assets/Resources/node_modules/websocket-server/test/manual/dev-server.js
[DEBUG] from resource zip => assets/Resources/node_modules/websocket-server/test/manual/echo-server.js
[DEBUG] from resource zip => assets/Resources/node_modules/websocket-server/test/manual/test-https-upgrade.js
[DEBUG] from resource zip => assets/Resources/node_modules/websocket-server/test/common.js
[DEBUG] from resource zip => assets/Resources/node_modules/websocket-server/tools/release.js
[DEBUG] from resource zip => assets/Resources/node_modules/websocket-server/LICENSE.md
[DEBUG] from resource zip => assets/Resources/node_modules/websocket-server/Makefile
[DEBUG] from resource zip => assets/Resources/node_modules/websocket-server/README.md
[DEBUG] from resource zip => assets/Resources/node_modules/websocket-server/package.json
[DEBUG] from resource zip => assets/Resources/node_modules/chat.html
[DEBUG] from resource zip => assets/Resources/node_modules/chat.js
[DEBUG] from resource zip => assets/Resources/socket.io/bin/builder.js
[DEBUG] from resource zip => assets/Resources/socket.io/dist/WebSocketMain.swf
[DEBUG] from resource zip => assets/Resources/socket.io/dist/WebSocketMainInsecure.swf
[DEBUG] from resource zip => assets/Resources/socket.io/dist/socket.io.js
[DEBUG] from resource zip => assets/Resources/socket.io/dist/socket.io.min.js
[DEBUG] from resource zip => assets/Resources/socket.io/lib/transports/flashsocket.js
[DEBUG] from resource zip => assets/Resources/socket.io/lib/transports/htmlfile.js
[DEBUG] from resource zip => assets/Resources/socket.io/lib/transports/jsonp-polling.js
[DEBUG] from resource zip => assets/Resources/socket.io/lib/transports/websocket.js
[DEBUG] from resource zip => assets/Resources/socket.io/lib/transports/xhr-polling.js
[DEBUG] from resource zip => assets/Resources/socket.io/lib/transports/xhr.js
[DEBUG] from resource zip => assets/Resources/socket.io/lib/vendor/web-socket-js/flash-src/com/adobe/net/proxies/RFC2817Socket.as
[DEBUG] from resource zip => assets/Resources/socket.io/lib/vendor/web-socket-js/flash-src/com/gsolo/encryption/MD5.as
[DEBUG] from resource zip => assets/Resources/socket.io/lib/vendor/web-socket-js/flash-src/com/hurlant/crypto/cert/MozillaRootCertificates.as
[DEBUG] from resource zip => assets/Resources/socket.io/lib/vendor/web-socket-js/flash-src/com/hurlant/crypto/cert/X509Certificate.as
[DEBUG] from resource zip => assets/Resources/socket.io/lib/vendor/web-socket-js/flash-src/com/hurlant/crypto/cert/X509CertificateCollection.as
[DEBUG] from resource zip => assets/Resources/socket.io/lib/vendor/web-socket-js/flash-src/com/hurlant/crypto/hash/HMAC.as
[DEBUG] from resource zip => assets/Resources/socket.io/lib/vendor/web-socket-js/flash-src/com/hurlant/crypto/hash/IHMAC.as
[DEBUG] from resource zip => assets/Resources/socket.io/lib/vendor/web-socket-js/flash-src/com/hurlant/crypto/hash/IHash.as
[DEBUG] from resource zip => assets/Resources/socket.io/lib/vendor/web-socket-js/flash-src/com/hurlant/crypto/hash/MAC.as
[DEBUG] from resource zip => assets/Resources/socket.io/lib/vendor/web-socket-js/flash-src/com/hurlant/crypto/hash/MD2.as
[DEBUG] from resource zip => assets/Resources/socket.io/lib/vendor/web-socket-js/flash-src/com/hurlant/crypto/hash/MD5.as
[DEBUG] from resource zip => assets/Resources/socket.io/lib/vendor/web-socket-js/flash-src/com/hurlant/crypto/hash/SHA1.as
[DEBUG] from resource zip => assets/Resources/socket.io/lib/vendor/web-socket-js/flash-src/com/hurlant/crypto/hash/SHA224.as
[DEBUG] from resource zip => assets/Resources/socket.io/lib/vendor/web-socket-js/flash-src/com/hurlant/crypto/hash/SHA256.as
[DEBUG] from resource zip => assets/Resources/socket.io/lib/vendor/web-socket-js/flash-src/com/hurlant/crypto/hash/SHABase.as
[DEBUG] from resource zip => assets/Resources/socket.io/lib/vendor/web-socket-js/flash-src/com/hurlant/crypto/prng/ARC4.as
[DEBUG] from resource zip => assets/Resources/socket.io/lib/vendor/web-socket-js/flash-src/com/hurlant/crypto/prng/IPRNG.as
[DEBUG] from resource zip => assets/Resources/socket.io/lib/vendor/web-socket-js/flash-src/com/hurlant/crypto/prng/Random.as
[DEBUG] from resource zip => assets/Resources/socket.io/lib/vendor/web-socket-js/flash-src/com/hurlant/crypto/prng/TLSPRF.as
[DEBUG] from resource zip => assets/Resources/socket.io/lib/vendor/web-socket-js/flash-src/com/hurlant/crypto/rsa/RSAKey.as
[DEBUG] from resource zip => assets/Resources/socket.io/lib/vendor/web-socket-js/flash-src/com/hurlant/crypto/symmetric/AESKey.as
[DEBUG] from resource zip => assets/Resources/socket.io/lib/vendor/web-socket-js/flash-src/com/hurlant/crypto/symmetric/BlowFishKey.as
[DEBUG] from resource zip => assets/Resources/socket.io/lib/vendor/web-socket-js/flash-src/com/hurlant/crypto/symmetric/CBCMode.as
[DEBUG] from resource zip => assets/Resources/socket.io/lib/vendor/web-socket-js/flash-src/com/hurlant/crypto/symmetric/CFB8Mode.as
[DEBUG] from resource zip => assets/Resources/socket.io/lib/vendor/web-socket-js/flash-src/com/hurlant/crypto/symmetric/CFBMode.as
[DEBUG] from resource zip => assets/Resources/socket.io/lib/vendor/web-socket-js/flash-src/com/hurlant/crypto/symmetric/CTRMode.as
[DEBUG] from resource zip => assets/Resources/socket.io/lib/vendor/web-socket-js/flash-src/com/hurlant/crypto/symmetric/DESKey.as
[DEBUG] from resource zip => assets/Resources/socket.io/lib/vendor/web-socket-js/flash-src/com/hurlant/crypto/symmetric/ECBMode.as
[DEBUG] from resource zip => assets/Resources/socket.io/lib/vendor/web-socket-js/flash-src/com/hurlant/crypto/symmetric/ICipher.as
[DEBUG] from resource zip => assets/Resources/socket.io/lib/vendor/web-socket-js/flash-src/com/hurlant/crypto/symmetric/IMode.as
[DEBUG] from resource zip => assets/Resources/socket.io/lib/vendor/web-socket-js/flash-src/com/hurlant/crypto/symmetric/IPad.as
[DEBUG] from resource zip => assets/Resources/socket.io/lib/vendor/web-socket-js/flash-src/com/hurlant/crypto/symmetric/IStreamCipher.as
[DEBUG] from resource zip => assets/Resources/socket.io/lib/vendor/web-socket-js/flash-src/com/hurlant/crypto/symmetric/ISymmetricKey.as
[DEBUG] from resource zip => assets/Resources/socket.io/lib/vendor/web-socket-js/flash-src/com/hurlant/crypto/symmetric/IVMode.as
[DEBUG] from resource zip => assets/Resources/socket.io/lib/vendor/web-socket-js/flash-src/com/hurlant/crypto/symmetric/NullPad.as
[DEBUG] from resource zip => assets/Resources/socket.io/lib/vendor/web-socket-js/flash-src/com/hurlant/crypto/symmetric/OFBMode.as
[DEBUG] from resource zip => assets/Resources/socket.io/lib/vendor/web-socket-js/flash-src/com/hurlant/crypto/symmetric/PKCS5.as
[DEBUG] from resource zip => assets/Resources/socket.io/lib/vendor/web-socket-js/flash-src/com/hurlant/crypto/symmetric/SSLPad.as
[DEBUG] from resource zip => assets/Resources/socket.io/lib/vendor/web-socket-js/flash-src/com/hurlant/crypto/symmetric/SimpleIVMode.as
[DEBUG] from resource zip => assets/Resources/socket.io/lib/vendor/web-socket-js/flash-src/com/hurlant/crypto/symmetric/TLSPad.as
[DEBUG] from resource zip => assets/Resources/socket.io/lib/vendor/web-socket-js/flash-src/com/hurlant/crypto/symmetric/TripleDESKey.as
[DEBUG] from resource zip => assets/Resources/socket.io/lib/vendor/web-socket-js/flash-src/com/hurlant/crypto/symmetric/XTeaKey.as
[DEBUG] from resource zip => assets/Resources/socket.io/lib/vendor/web-socket-js/flash-src/com/hurlant/crypto/symmetric/aeskey.pl
[DEBUG] from resource zip => assets/Resources/socket.io/lib/vendor/web-socket-js/flash-src/com/hurlant/crypto/symmetric/dump.txt
[DEBUG] from resource zip => assets/Resources/socket.io/lib/vendor/web-socket-js/flash-src/com/hurlant/crypto/tests/AESKeyTest.as
[DEBUG] from resource zip => assets/Resources/socket.io/lib/vendor/web-socket-js/flash-src/com/hurlant/crypto/tests/ARC4Test.as
[DEBUG] from resource zip => assets/Resources/socket.io/lib/vendor/web-socket-js/flash-src/com/hurlant/crypto/tests/BigIntegerTest.as
[DEBUG] from resource zip => assets/Resources/socket.io/lib/vendor/web-socket-js/flash-src/com/hurlant/crypto/tests/BlowFishKeyTest.as
[DEBUG] from resource zip => assets/Resources/socket.io/lib/vendor/web-socket-js/flash-src/com/hurlant/crypto/tests/CBCModeTest.as
[DEBUG] from resource zip => assets/Resources/socket.io/lib/vendor/web-socket-js/flash-src/com/hurlant/crypto/tests/CFB8ModeTest.as
[DEBUG] from resource zip => assets/Resources/socket.io/lib/vendor/web-socket-js/flash-src/com/hurlant/crypto/tests/CFBModeTest.as
[DEBUG] from resource zip => assets/Resources/socket.io/lib/vendor/web-socket-js/flash-src/com/hurlant/crypto/tests/CTRModeTest.as
[DEBUG] from resource zip => assets/Resources/socket.io/lib/vendor/web-socket-js/flash-src/com/hurlant/crypto/tests/DESKeyTest.as
[DEBUG] from resource zip => assets/Resources/socket.io/lib/vendor/web-socket-js/flash-src/com/hurlant/crypto/tests/ECBModeTest.as
[DEBUG] from resource zip => assets/Resources/socket.io/lib/vendor/web-socket-js/flash-src/com/hurlant/crypto/tests/HMACTest.as
[DEBUG] from resource zip => assets/Resources/socket.io/lib/vendor/web-socket-js/flash-src/com/hurlant/crypto/tests/ITestHarness.as
[DEBUG] from resource zip => assets/Resources/socket.io/lib/vendor/web-socket-js/flash-src/com/hurlant/crypto/tests/MD2Test.as
[DEBUG] from resource zip => assets/Resources/socket.io/lib/vendor/web-socket-js/flash-src/com/hurlant/crypto/tests/MD5Test.as
[DEBUG] from resource zip => assets/Resources/socket.io/lib/vendor/web-socket-js/flash-src/com/hurlant/crypto/tests/OFBModeTest.as
[DEBUG] from resource zip => assets/Resources/socket.io/lib/vendor/web-socket-js/flash-src/com/hurlant/crypto/tests/RSAKeyTest.as
[DEBUG] from resource zip => assets/Resources/socket.io/lib/vendor/web-socket-js/flash-src/com/hurlant/crypto/tests/SHA1Test.as
[DEBUG] from resource zip => assets/Resources/socket.io/lib/vendor/web-socket-js/flash-src/com/hurlant/crypto/tests/SHA224Test.as
[DEBUG] from resource zip => assets/Resources/socket.io/lib/vendor/web-socket-js/flash-src/com/hurlant/crypto/tests/SHA256Test.as
[DEBUG] from resource zip => assets/Resources/socket.io/lib/vendor/web-socket-js/flash-src/com/hurlant/crypto/tests/TLSPRFTest.as
[DEBUG] from resource zip => assets/Resources/socket.io/lib/vendor/web-socket-js/flash-src/com/hurlant/crypto/tests/TestCase.as
[DEBUG] from resource zip => assets/Resources/socket.io/lib/vendor/web-socket-js/flash-src/com/hurlant/crypto/tests/TripleDESKeyTest.as
[DEBUG] from resource zip => assets/Resources/socket.io/lib/vendor/web-socket-js/flash-src/com/hurlant/crypto/tests/XTeaKeyTest.as
[DEBUG] from resource zip => assets/Resources/socket.io/lib/vendor/web-socket-js/flash-src/com/hurlant/crypto/tls/BulkCiphers.as
[DEBUG] from resource zip => assets/Resources/socket.io/lib/vendor/web-socket-js/flash-src/com/hurlant/crypto/tls/CipherSuites.as
[DEBUG] from resource zip => assets/Resources/socket.io/lib/vendor/web-socket-js/flash-src/com/hurlant/crypto/tls/IConnectionState.as
[DEBUG] from resource zip => assets/Resources/socket.io/lib/vendor/web-socket-js/flash-src/com/hurlant/crypto/tls/ISecurityParameters.as
[DEBUG] from resource zip => assets/Resources/socket.io/lib/vendor/web-socket-js/flash-src/com/hurlant/crypto/tls/KeyExchanges.as
[DEBUG] from resource zip => assets/Resources/socket.io/lib/vendor/web-socket-js/flash-src/com/hurlant/crypto/tls/MACs.as
[DEBUG] from resource zip => assets/Resources/socket.io/lib/vendor/web-socket-js/flash-src/com/hurlant/crypto/tls/SSLConnectionState.as
[DEBUG] from resource zip => assets/Resources/socket.io/lib/vendor/web-socket-js/flash-src/com/hurlant/crypto/tls/SSLEvent.as
[DEBUG] from resource zip => assets/Resources/socket.io/lib/vendor/web-socket-js/flash-src/com/hurlant/crypto/tls/SSLSecurityParameters.as
[DEBUG] from resource zip => assets/Resources/socket.io/lib/vendor/web-socket-js/flash-src/com/hurlant/crypto/tls/TLSConfig.as
[DEBUG] from resource zip => assets/Resources/socket.io/lib/vendor/web-socket-js/flash-src/com/hurlant/crypto/tls/TLSConnectionState.as
[DEBUG] from resource zip => assets/Resources/socket.io/lib/vendor/web-socket-js/flash-src/com/hurlant/crypto/tls/TLSEngine.as
[DEBUG] from resource zip => assets/Resources/socket.io/lib/vendor/web-socket-js/flash-src/com/hurlant/crypto/tls/TLSError.as
[DEBUG] from resource zip => assets/Resources/socket.io/lib/vendor/web-socket-js/flash-src/com/hurlant/crypto/tls/TLSEvent.as
[DEBUG] from resource zip => assets/Resources/socket.io/lib/vendor/web-socket-js/flash-src/com/hurlant/crypto/tls/TLSSecurityParameters.as
[DEBUG] from resource zip => assets/Resources/socket.io/lib/vendor/web-socket-js/flash-src/com/hurlant/crypto/tls/TLSSocket.as
[DEBUG] from resource zip => assets/Resources/socket.io/lib/vendor/web-socket-js/flash-src/com/hurlant/crypto/tls/TLSSocketEvent.as
[DEBUG] from resource zip => assets/Resources/socket.io/lib/vendor/web-socket-js/flash-src/com/hurlant/crypto/tls/TLSTest.as
[DEBUG] from resource zip => assets/Resources/socket.io/lib/vendor/web-socket-js/flash-src/com/hurlant/crypto/Crypto.as
[DEBUG] from resource zip => assets/Resources/socket.io/lib/vendor/web-socket-js/flash-src/com/hurlant/math/BarrettReduction.as
[DEBUG] from resource zip => assets/Resources/socket.io/lib/vendor/web-socket-js/flash-src/com/hurlant/math/BigInteger.as
[DEBUG] from resource zip => assets/Resources/socket.io/lib/vendor/web-socket-js/flash-src/com/hurlant/math/ClassicReduction.as
[DEBUG] from resource zip => assets/Resources/socket.io/lib/vendor/web-socket-js/flash-src/com/hurlant/math/IReduction.as
[DEBUG] from resource zip => assets/Resources/socket.io/lib/vendor/web-socket-js/flash-src/com/hurlant/math/MontgomeryReduction.as
[DEBUG] from resource zip => assets/Resources/socket.io/lib/vendor/web-socket-js/flash-src/com/hurlant/math/NullReduction.as
[DEBUG] from resource zip => assets/Resources/socket.io/lib/vendor/web-socket-js/flash-src/com/hurlant/math/bi_internal.as
[DEBUG] from resource zip => assets/Resources/socket.io/lib/vendor/web-socket-js/flash-src/com/hurlant/util/der/ByteString.as
[DEBUG] from resource zip => assets/Resources/socket.io/lib/vendor/web-socket-js/flash-src/com/hurlant/util/der/DER.as
[DEBUG] from resource zip => assets/Resources/socket.io/lib/vendor/web-socket-js/flash-src/com/hurlant/util/der/IAsn1Type.as
[DEBUG] from resource zip => assets/Resources/socket.io/lib/vendor/web-socket-js/flash-src/com/hurlant/util/der/Integer.as
[DEBUG] from resource zip => assets/Resources/socket.io/lib/vendor/web-socket-js/flash-src/com/hurlant/util/der/OID.as
[DEBUG] from resource zip => assets/Resources/socket.io/lib/vendor/web-socket-js/flash-src/com/hurlant/util/der/ObjectIdentifier.as
[DEBUG] from resource zip => assets/Resources/socket.io/lib/vendor/web-socket-js/flash-src/com/hurlant/util/der/PEM.as
[DEBUG] from resource zip => assets/Resources/socket.io/lib/vendor/web-socket-js/flash-src/com/hurlant/util/der/PrintableString.as
[DEBUG] from resource zip => assets/Resources/socket.io/lib/vendor/web-socket-js/flash-src/com/hurlant/util/der/Sequence.as
[DEBUG] from resource zip => assets/Resources/socket.io/lib/vendor/web-socket-js/flash-src/com/hurlant/util/der/Set.as
[DEBUG] from resource zip => assets/Resources/socket.io/lib/vendor/web-socket-js/flash-src/com/hurlant/util/der/Type.as
[DEBUG] from resource zip => assets/Resources/socket.io/lib/vendor/web-socket-js/flash-src/com/hurlant/util/der/UTCTime.as
[DEBUG] from resource zip => assets/Resources/socket.io/lib/vendor/web-socket-js/flash-src/com/hurlant/util/ArrayUtil.as
[DEBUG] from resource zip => assets/Resources/socket.io/lib/vendor/web-socket-js/flash-src/com/hurlant/util/Base64.as
[DEBUG] from resource zip => assets/Resources/socket.io/lib/vendor/web-socket-js/flash-src/com/hurlant/util/Hex.as
[DEBUG] from resource zip => assets/Resources/socket.io/lib/vendor/web-socket-js/flash-src/com/hurlant/util/Memory.as
[DEBUG] from resource zip => assets/Resources/socket.io/lib/vendor/web-socket-js/flash-src/IWebSocketLogger.as
[DEBUG] from resource zip => assets/Resources/socket.io/lib/vendor/web-socket-js/flash-src/WebSocket.as
[DEBUG] from resource zip => assets/Resources/socket.io/lib/vendor/web-socket-js/flash-src/WebSocketEvent.as
[DEBUG] from resource zip => assets/Resources/socket.io/lib/vendor/web-socket-js/flash-src/WebSocketMain.as
[DEBUG] from resource zip => assets/Resources/socket.io/lib/vendor/web-socket-js/flash-src/WebSocketMainInsecure.as
[DEBUG] from resource zip => assets/Resources/socket.io/lib/vendor/web-socket-js/flash-src/build.sh
[DEBUG] from resource zip => assets/Resources/socket.io/lib/vendor/web-socket-js/README.md
[DEBUG] from resource zip => assets/Resources/socket.io/lib/vendor/web-socket-js/WebSocketMain.swf
[DEBUG] from resource zip => assets/Resources/socket.io/lib/vendor/web-socket-js/WebSocketMainInsecure.zip
[DEBUG] from resource zip => assets/Resources/socket.io/lib/vendor/web-socket-js/sample.html
[DEBUG] from resource zip => assets/Resources/socket.io/lib/vendor/web-socket-js/swfobject.js
[DEBUG] from resource zip => assets/Resources/socket.io/lib/vendor/web-socket-js/web_socket.js
[DEBUG] from resource zip => assets/Resources/socket.io/lib/events.js
[DEBUG] from resource zip => assets/Resources/socket.io/lib/io.js
[DEBUG] from resource zip => assets/Resources/socket.io/lib/json.js
[DEBUG] from resource zip => assets/Resources/socket.io/lib/namespace.js
[DEBUG] from resource zip => assets/Resources/socket.io/lib/parser.js
[DEBUG] from resource zip => assets/Resources/socket.io/lib/socket.io-client.js
[DEBUG] from resource zip => assets/Resources/socket.io/lib/socket.js
[DEBUG] from resource zip => assets/Resources/socket.io/lib/transport.js
[DEBUG] from resource zip => assets/Resources/socket.io/lib/util.js
[DEBUG] from resource zip => assets/Resources/socket.io/support/test-runner/public/javascript/jquery.js
[DEBUG] from resource zip => assets/Resources/socket.io/support/test-runner/public/javascript/runner.js
[DEBUG] from resource zip => assets/Resources/socket.io/support/test-runner/public/javascript/script.js
[DEBUG] from resource zip => assets/Resources/socket.io/support/test-runner/public/javascript/should.js
[DEBUG] from resource zip => assets/Resources/socket.io/support/test-runner/public/stylesheets/main.css
[DEBUG] from resource zip => assets/Resources/socket.io/support/test-runner/public/stylesheets/main.styl
[DEBUG] from resource zip => assets/Resources/socket.io/support/test-runner/app.js
[DEBUG] from resource zip => assets/Resources/socket.io/support/test-runner/index.jade
[DEBUG] from resource zip => assets/Resources/socket.io/support/should.js
[DEBUG] from resource zip => assets/Resources/socket.io/test/node/builder.common.js
[DEBUG] from resource zip => assets/Resources/socket.io/test/node/builder.test.js
[DEBUG] from resource zip => assets/Resources/socket.io/test/events.test.js
[DEBUG] from resource zip => assets/Resources/socket.io/test/io.test.js
[DEBUG] from resource zip => assets/Resources/socket.io/test/parser.test.js
[DEBUG] from resource zip => assets/Resources/socket.io/test/socket.test.js
[DEBUG] from resource zip => assets/Resources/socket.io/test/util.test.js
[DEBUG] from resource zip => assets/Resources/socket.io/test/worker.js
[DEBUG] from resource zip => assets/Resources/socket.io/History.md
[DEBUG] from resource zip => assets/Resources/socket.io/Makefile
[DEBUG] from resource zip => assets/Resources/socket.io/Readme.md
[DEBUG] from resource zip => assets/Resources/socket.io/package.json
[DEBUG] from resource zip => assets/Resources/ti-websocket-client/bin/builder.js
[DEBUG] from resource zip => assets/Resources/ti-websocket-client/examples/echo-client.js
[DEBUG] from resource zip => assets/Resources/ti-websocket-client/examples/websocket_echo_server.rb
[DEBUG] from resource zip => assets/Resources/ti-websocket-client/lib/events.js
[DEBUG] from resource zip => assets/Resources/ti-websocket-client/lib/sha1.js
[DEBUG] from resource zip => assets/Resources/ti-websocket-client/lib/utils.js
[DEBUG] from resource zip => assets/Resources/ti-websocket-client/lib/websocket-client.js
[DEBUG] from resource zip => assets/Resources/ti-websocket-client/README.md
[DEBUG] from resource zip => assets/Resources/ti-websocket-client/ti-websocket-client.js
[DEBUG] from resource zip => assets/Resources/ui/common/ApplicationTabGroup.js
[DEBUG] from resource zip => assets/Resources/ui/common/editProfile.js
[DEBUG] from resource zip => assets/Resources/ui/common/login.js
[DEBUG] from resource zip => assets/Resources/ui/common/profile.js
[DEBUG] from resource zip => assets/Resources/ui/common/socketio-titanium.js
[DEBUG] from resource zip => assets/Resources/ui/common/tile_view.js
[DEBUG] from resource zip => assets/Resources/ui/common/window1.js
[DEBUG] from resource zip => assets/Resources/ui/common/window2.js
[DEBUG] from resource zip => assets/Resources/ui/common/window3.js
[DEBUG] from resource zip => assets/Resources/ui/common/window4.js
[DEBUG] from resource zip => assets/Resources/ui/handheld/ApplicationWindow.js
[DEBUG] from resource zip => assets/Resources/ui/tablet/ApplicationWindow.js
[DEBUG] from resource zip => assets/Resources/KS_nav_friends.png
[DEBUG] from resource zip => assets/Resources/KS_nav_help.png
[DEBUG] from resource zip => assets/Resources/KS_nav_home.png
[DEBUG] from resource zip => assets/Resources/KS_nav_setting.png
[DEBUG] from resource zip => assets/Resources/app.js
[DEBUG] from resource zip => assets/Resources/appicon.png
[DEBUG] from resource zip => assets/Resources/default.png
[DEBUG] from resource zip => assets/Resources/ti.cloud.js
[DEBUG] from resource zip => assets/app.json
[DEBUG] from resource zip => assets/index.json
[DEBUG] from resource zip => res/drawable/appicon.png
[DEBUG] from resource zip => res/drawable/background.png
[DEBUG] from resource zip => res/drawable/btn_check_buttonless_on_64.png
[DEBUG] from resource zip => res/drawable/btn_more_64.png
[DEBUG] from resource zip => res/drawable/disclosure_64.png
[DEBUG] from resource zip => res/layout/titanium_tabgroup.xml
[DEBUG] from resource zip => res/layout/titanium_ui_list_header_or_footer.xml
[DEBUG] from resource zip => res/layout/titanium_ui_list_item.xml
[DEBUG] from resource zip => AndroidManifest.xml
[DEBUG] from resource zip => resources.arsc
[DEBUG] from resource zip => res/drawable-long-land-hdpi/background.png
[DEBUG] from resource zip => res/drawable-long-land-ldpi/background.png
[DEBUG] from resource zip => res/drawable-long-port-hdpi/background.png
[DEBUG] from resource zip => res/drawable-long-port-ldpi/background.png
[DEBUG] from resource zip => res/drawable-notlong-land-hdpi/background.png
[DEBUG] from resource zip => res/drawable-notlong-land-ldpi/background.png
[DEBUG] from resource zip => res/drawable-notlong-land-mdpi/background.png
[DEBUG] from resource zip => res/drawable-notlong-port-hdpi/background.png
[DEBUG] from resource zip => res/drawable-notlong-port-ldpi/background.png
[DEBUG] from resource zip => res/drawable-notlong-port-mdpi/background.png
[DEBUG] from JAR C:\Users\yasuo\AppData\Roaming\Titanium\mobilesdk\win32\3.1.3.GA\android\titanium.jar => org/appcelerator/titanium/build.properties
[DEBUG] from JAR C:\Users\yasuo\AppData\Roaming\Titanium\mobilesdk\win32\3.1.3.GA\android\titanium.jar => org/appcelerator/titanium/res/drawable/background.png
[DEBUG] from JAR C:\Users\yasuo\AppData\Roaming\Titanium\mobilesdk\win32\3.1.3.GA\android\titanium.jar => org/appcelerator/titanium/res/drawable/btn_check_buttonless_on.png
[DEBUG] from JAR C:\Users\yasuo\AppData\Roaming\Titanium\mobilesdk\win32\3.1.3.GA\android\titanium.jar => org/appcelerator/titanium/res/drawable/btn_check_buttonless_on_18.png
[DEBUG] from JAR C:\Users\yasuo\AppData\Roaming\Titanium\mobilesdk\win32\3.1.3.GA\android\titanium.jar => org/appcelerator/titanium/res/drawable/btn_check_buttonless_on_48.png
[DEBUG] from JAR C:\Users\yasuo\AppData\Roaming\Titanium\mobilesdk\win32\3.1.3.GA\android\titanium.jar => org/appcelerator/titanium/res/drawable/btn_check_buttonless_on_64.png
[DEBUG] from JAR C:\Users\yasuo\AppData\Roaming\Titanium\mobilesdk\win32\3.1.3.GA\android\titanium.jar => org/appcelerator/titanium/res/drawable/btn_more.png
[DEBUG] from JAR C:\Users\yasuo\AppData\Roaming\Titanium\mobilesdk\win32\3.1.3.GA\android\titanium.jar => org/appcelerator/titanium/res/drawable/btn_more_18.png
[DEBUG] from JAR C:\Users\yasuo\AppData\Roaming\Titanium\mobilesdk\win32\3.1.3.GA\android\titanium.jar => org/appcelerator/titanium/res/drawable/btn_more_48.png
[DEBUG] from JAR C:\Users\yasuo\AppData\Roaming\Titanium\mobilesdk\win32\3.1.3.GA\android\titanium.jar => org/appcelerator/titanium/res/drawable/btn_more_64.png
[DEBUG] from JAR C:\Users\yasuo\AppData\Roaming\Titanium\mobilesdk\win32\3.1.3.GA\android\titanium.jar => org/appcelerator/titanium/res/drawable/btn_picker_normal.9.png
[DEBUG] from JAR C:\Users\yasuo\AppData\Roaming\Titanium\mobilesdk\win32\3.1.3.GA\android\titanium.jar => org/appcelerator/titanium/res/drawable/btn_picker_pressed.9.png
[DEBUG] from JAR C:\Users\yasuo\AppData\Roaming\Titanium\mobilesdk\win32\3.1.3.GA\android\titanium.jar => org/appcelerator/titanium/res/drawable/btn_picker_selected.9.png
[DEBUG] from JAR C:\Users\yasuo\AppData\Roaming\Titanium\mobilesdk\win32\3.1.3.GA\android\titanium.jar => org/appcelerator/titanium/res/drawable/default_icon.png
[DEBUG] from JAR C:\Users\yasuo\AppData\Roaming\Titanium\mobilesdk\win32\3.1.3.GA\android\titanium.jar => org/appcelerator/titanium/res/drawable/photoDefault.png
[DEBUG] from JAR C:\Users\yasuo\AppData\Roaming\Titanium\mobilesdk\win32\3.1.3.GA\android\modules\titanium-ui.jar => ti/modules/titanium/ui/widget/webview/binding.js
[DEBUG] from JAR C:\Users\yasuo\AppData\Roaming\Titanium\mobilesdk\win32\3.1.3.GA\android\modules\titanium-ui.jar => ti/modules/titanium/ui/widget/webview/binding.min.js
[DEBUG] from JAR C:\Users\yasuo\AppData\Roaming\Titanium\mobilesdk\win32\3.1.3.GA\android\modules\titanium-ui.jar => ti/modules/titanium/ui/widget/webview/json2.js
[DEBUG] from JAR C:\Users\yasuo\AppData\Roaming\Titanium\mobilesdk\win32\3.1.3.GA\android\modules\titanium-ui.jar => ti/modules/titanium/ui/widget/webview/polling.js
[DEBUG] from JAR C:\Users\yasuo\AppData\Roaming\Titanium\mobilesdk\win32\3.1.3.GA\android\modules\titanium-ui.jar => ti/modules/titanium/ui/widget/webview/polling.min.js
[DEBUG] from JAR C:\Users\yasuo\AppData\Roaming\Titanium\mobilesdk\win32\3.1.3.GA\android\thirdparty.jar => org/apache/Commons-NOTICE.txt
[DEBUG] from JAR C:\Users\yasuo\AppData\Roaming\Titanium\mobilesdk\win32\3.1.3.GA\android\thirdparty.jar => org/apache/HttpComponents-NOTICE.txt
[DEBUG] from JAR C:\Users\yasuo\AppData\Roaming\Titanium\mobilesdk\win32\3.1.3.GA\android\thirdparty.jar => org/apache/mime4j-NOTICE.txt
[DEBUG] installing native SDK libs
[DEBUG] Waiting for device to be ready ...
[TRACE] adb devices returned 1 devices/emulators
[DEBUG] Device connected... (waited 0 seconds)
[DEBUG] waited 0.027000 seconds on emulator to get ready
[INFO] Installing application on device
[INFO] Application installed. Launch from drawer on Home Screen
